# JRE version: Java(TM) SE Runtime Environment (21.0+35) (build 21+35-LTS-2513)
# Java VM: Java HotSpot(TM) 64-Bit Server VM (21+35-LTS-2513, mixed mode, sharing, tiered, compressed oops, compressed class ptrs, g1 gc, windows-amd64)
GC Precious Log:
 CardTable entry size: 512
 Card Set container configuration: InlinePtr #cards 5 size 8 Array Of Cards #cards 12 size 40 Howl #buckets 4 coarsen threshold 1843 Howl Bitmap #cards 512 size 80 coarsen threshold 460 Card regions per heap region 1 cards per card region 2048
 CPUs: 8 total, 8 available
 Memory: 7969M
 Large Page Support: Disabled
 NUMA Support: Disabled
 Compressed Oops: Enabled (32-bit)
 Heap Region Size: 1M
 Heap Min Capacity: 8M
 Heap Initial Capacity: 126M
 Heap Max Capacity: 1994M
 Pre-touch: Disabled
 Parallel Workers: 8
 Concurrent Workers: 2
 Concurrent Refinement Workers: 8
 Periodic GC: Disabled
Heap:
 garbage-first heap   total 73728K, used 46344K [0x0000000083600000, 0x0000000100000000)
  region size 1024K, 25 young (25600K), 4 survivors (4096K)
 Metaspace       used 64779K, committed 65408K, reserved 1114112K
  class space    used 8593K, committed 8896K, reserved 1048576K
GC Heap History (20 events):
Event: 3.665 GC heap before
{Heap before GC invocations=8 (full 0):
 garbage-first heap   total 51200K, used 42872K [0x0000000083600000, 0x0000000100000000)
  region size 1024K, 29 young (29696K), 3 survivors (3072K)
 Metaspace       used 30907K, committed 31424K, reserved 1114112K
  class space    used 3878K, committed 4096K, reserved 1048576K
}
Event: 3.674 GC heap after
{Heap after GC invocations=9 (full 0):
 garbage-first heap   total 61440K, used 17914K [0x0000000083600000, 0x0000000100000000)
  region size 1024K, 3 young (3072K), 3 survivors (3072K)
 Metaspace       used 30907K, committed 31424K, reserved 1114112K
  class space    used 3878K, committed 4096K, reserved 1048576K
}
Event: 4.134 GC heap before
{Heap before GC invocations=9 (full 0):
 garbage-first heap   total 61440K, used 50682K [0x0000000083600000, 0x0000000100000000)
  region size 1024K, 36 young (36864K), 3 survivors (3072K)
 Metaspace       used 34220K, committed 34752K, reserved 1114112K
  class space    used 4268K, committed 4544K, reserved 1048576K
}
Event: 4.141 GC heap after
{Heap after GC invocations=10 (full 0):
 garbage-first heap   total 61440K, used 19763K [0x0000000083600000, 0x0000000100000000)
  region size 1024K, 4 young (4096K), 4 survivors (4096K)
 Metaspace       used 34220K, committed 34752K, reserved 1114112K
  class space    used 4268K, committed 4544K, reserved 1048576K
}
Event: 4.302 GC heap before
{Heap before GC invocations=10 (full 0):
 garbage-first heap   total 61440K, used 33075K [0x0000000083600000, 0x0000000100000000)
  region size 1024K, 18 young (18432K), 4 survivors (4096K)
 Metaspace       used 35446K, committed 35968K, reserved 1114112K
  class space    used 4452K, committed 4736K, reserved 1048576K
}
Event: 4.309 GC heap after
{Heap after GC invocations=11 (full 0):
 garbage-first heap   total 61440K, used 19965K [0x0000000083600000, 0x0000000100000000)
  region size 1024K, 2 young (2048K), 2 survivors (2048K)
 Metaspace       used 35446K, committed 35968K, reserved 1114112K
  class space    used 4452K, committed 4736K, reserved 1048576K
}
Event: 4.868 GC heap before
{Heap before GC invocations=12 (full 0):
 garbage-first heap   total 61440K, used 54781K [0x0000000083600000, 0x0000000100000000)
  region size 1024K, 36 young (36864K), 2 survivors (2048K)
 Metaspace       used 38742K, committed 39296K, reserved 1114112K
  class space    used 5007K, committed 5248K, reserved 1048576K
}
Event: 4.873 GC heap after
{Heap after GC invocations=13 (full 0):
 garbage-first heap   total 61440K, used 20230K [0x0000000083600000, 0x0000000100000000)
  region size 1024K, 3 young (3072K), 3 survivors (3072K)
 Metaspace       used 38742K, committed 39296K, reserved 1114112K
  class space    used 5007K, committed 5248K, reserved 1048576K
}
Event: 5.724 GC heap before
{Heap before GC invocations=13 (full 0):
 garbage-first heap   total 61440K, used 54022K [0x0000000083600000, 0x0000000100000000)
  region size 1024K, 36 young (36864K), 3 survivors (3072K)
 Metaspace       used 45232K, committed 45696K, reserved 1114112K
  class space    used 5754K, committed 5952K, reserved 1048576K
}
Event: 5.733 GC heap after
{Heap after GC invocations=14 (full 0):
 garbage-first heap   total 61440K, used 21576K [0x0000000083600000, 0x0000000100000000)
  region size 1024K, 4 young (4096K), 4 survivors (4096K)
 Metaspace       used 45232K, committed 45696K, reserved 1114112K
  class space    used 5754K, committed 5952K, reserved 1048576K
}
Event: 6.153 GC heap before
{Heap before GC invocations=14 (full 0):
 garbage-first heap   total 61440K, used 53320K [0x0000000083600000, 0x0000000100000000)
  region size 1024K, 35 young (35840K), 4 survivors (4096K)
 Metaspace       used 48486K, committed 48960K, reserved 1114112K
  class space    used 6196K, committed 6400K, reserved 1048576K
}
Event: 6.162 GC heap after
{Heap after GC invocations=15 (full 0):
 garbage-first heap   total 61440K, used 22959K [0x0000000083600000, 0x0000000100000000)
  region size 1024K, 4 young (4096K), 4 survivors (4096K)
 Metaspace       used 48486K, committed 48960K, reserved 1114112K
  class space    used 6196K, committed 6400K, reserved 1048576K
}
Event: 6.460 GC heap before
{Heap before GC invocations=15 (full 0):
 garbage-first heap   total 61440K, used 53679K [0x0000000083600000, 0x0000000100000000)
  region size 1024K, 34 young (34816K), 4 survivors (4096K)
 Metaspace       used 51614K, committed 52224K, reserved 1114112K
  class space    used 6558K, committed 6848K, reserved 1048576K
}
Event: 6.465 GC heap after
{Heap after GC invocations=16 (full 0):
 garbage-first heap   total 73728K, used 23790K [0x0000000083600000, 0x0000000100000000)
  region size 1024K, 2 young (2048K), 2 survivors (2048K)
 Metaspace       used 51614K, committed 52224K, reserved 1114112K
  class space    used 6558K, committed 6848K, reserved 1048576K
}
Event: 6.808 GC heap before
{Heap before GC invocations=16 (full 0):
 garbage-first heap   total 73728K, used 65774K [0x0000000083600000, 0x0000000100000000)
  region size 1024K, 43 young (44032K), 2 survivors (2048K)
 Metaspace       used 56614K, committed 57152K, reserved 1114112K
  class space    used 7401K, committed 7680K, reserved 1048576K
}
Event: 6.812 GC heap after
{Heap after GC invocations=17 (full 0):
 garbage-first heap   total 73728K, used 24232K [0x0000000083600000, 0x0000000100000000)
  region size 1024K, 3 young (3072K), 3 survivors (3072K)
 Metaspace       used 56614K, committed 57152K, reserved 1114112K
  class space    used 7401K, committed 7680K, reserved 1048576K
}
Event: 7.031 GC heap before
{Heap before GC invocations=17 (full 0):
 garbage-first heap   total 73728K, used 52904K [0x0000000083600000, 0x0000000100000000)
  region size 1024K, 32 young (32768K), 3 survivors (3072K)
 Metaspace       used 59564K, committed 60160K, reserved 1114112K
  class space    used 7860K, committed 8128K, reserved 1048576K
}
Event: 7.034 GC heap after
{Heap after GC invocations=18 (full 0):
 garbage-first heap   total 73728K, used 24764K [0x0000000083600000, 0x0000000100000000)
  region size 1024K, 3 young (3072K), 3 survivors (3072K)
 Metaspace       used 59564K, committed 60160K, reserved 1114112K
  class space    used 7860K, committed 8128K, reserved 1048576K
}
Event: 7.440 GC heap before
{Heap before GC invocations=19 (full 0):
 garbage-first heap   total 73728K, used 64700K [0x0000000083600000, 0x0000000100000000)
  region size 1024K, 42 young (43008K), 3 survivors (3072K)
 Metaspace       used 62729K, committed 63360K, reserved 1114112K
  class space    used 8291K, committed 8576K, reserved 1048576K
}
Event: 7.446 GC heap after
{Heap after GC invocations=20 (full 0):
 garbage-first heap   total 73728K, used 25864K [0x0000000083600000, 0x0000000100000000)
  region size 1024K, 4 young (4096K), 4 survivors (4096K)
 Metaspace       used 62729K, committed 63360K, reserved 1114112K
  class space    used 8291K, committed 8576K, reserved 1048576K
}

